#
# A fatal error has been detected by the Java Runtime Environment:
#
#  EXCEPTION_ACCESS_VIOLATION (0xc0000005) at pc=0x00007ff865137e71, pid=8488, tid=236
#
# JRE version: OpenJDK Runtime Environment (21.0.1+12) (build 21.0.1+12-29)
# Java VM: OpenJDK 64-Bit Server VM (21.0.1+12-29, mixed mode, sharing, tiered, compressed oops, compressed class ptrs, g1 gc, windows-amd64)
# Problematic frame:
# V  [jvm.dll+0x437e71]
#
# No core dump will be written. Minidumps are not enabled by default on client versions of Windows
#
# If you would like to submit a bug report, please visit:
#   https://bugreport.java.com/bugreport/crash.jsp
#

---------------  S U M M A R Y ------------

Command Line: -javaagent:C:\Users\quenette1\AppData\Local\JetBrains\IntelliJ IDEA 2023.2.3\lib\idea_rt.jar=53532:C:\Users\quenette1\AppData\Local\JetBrains\IntelliJ IDEA 2023.2.3\bin -Dfile.encoding=UTF-8 -Dsun.stdout.encoding=UTF-8 -Dsun.stderr.encoding=UTF-8 MainViewKt

Host: Intel(R) Core(TM) i3-8130U CPU @ 2.20GHz, 4 cores, 3G,  Windows 10 , 64 bit Build 19041 (10.0.19041.2546)
Time: Wed Dec  6 14:16:58 2023 Paris, Madrid elapsed time: 8.351436 seconds (0d 0h 0m 8s)

---------------  T H R E A D  ---------------

Current thread (0x0000016cf907ac70):  JavaThread "AWT-EventQueue-0"        [_thread_in_vm, id=236, stack(0x000000173a500000,0x000000173a600000) (1024K)]

Stack: [0x000000173a500000,0x000000173a600000],  sp=0x000000173a5fd1b0,  free space=1012k
Native frames: (J=compiled Java code, j=interpreted, Vv=VM code, C=native code)
V  [jvm.dll+0x437e71]
C  [skiko-windows-x64.dll+0x57cfc]

Java frames: (J=compiled Java code, j=interpreted, Vv=VM code)
j  org.jetbrains.skiko.context.Direct3DContextHandler.flush(JJ)V+0
j  org.jetbrains.skiko.context.Direct3DContextHandler.flush()V+30
j  org.jetbrains.skiko.context.ContextHandler.draw()V+87
j  org.jetbrains.skiko.redrawer.Direct3DRedrawer.drawAndSwap(Z)V+21
j  org.jetbrains.skiko.redrawer.Direct3DRedrawer.redrawImmediately()V+180
j  org.jetbrains.skiko.SkiaLayer.paint(Ljava/awt/Graphics;)V+102
j  androidx.compose.ui.awt.ComposeLayer$ComponentImpl.paint(Ljava/awt/Graphics;)V+12
j  javax.swing.JComponent.paintChildren(Ljava/awt/Graphics;)V+516 java.desktop@21.0.1
j  javax.swing.JComponent.paint(Ljava/awt/Graphics;)V+318 java.desktop@21.0.1
j  javax.swing.JLayeredPane.paint(Ljava/awt/Graphics;)V+73 java.desktop@21.0.1
j  javax.swing.JComponent.paintChildren(Ljava/awt/Graphics;)V+516 java.desktop@21.0.1
j  javax.swing.JComponent.paint(Ljava/awt/Graphics;)V+318 java.desktop@21.0.1
j  androidx.compose.ui.window.Window_desktopKt$Window$11$1.invoke(Landroidx/compose/ui/awt/ComposeWindow;)V+75
j  androidx.compose.ui.window.Window_desktopKt$Window$11$1.invoke(Ljava/lang/Object;)Ljava/lang/Object;+5
j  androidx.compose.ui.window.AwtWindow_desktopKt$AwtWindow$3.invoke()V+13
j  androidx.compose.ui.window.AwtWindow_desktopKt$AwtWindow$3.invoke()Ljava/lang/Object;+1
j  androidx.compose.ui.util.UpdateEffect_desktopKt$UpdateEffect$2$performUpdate$1.invoke()V+7
j  androidx.compose.ui.util.UpdateEffect_desktopKt$UpdateEffect$2$performUpdate$1.invoke()Ljava/lang/Object;+1
j  androidx.compose.runtime.snapshots.Snapshot$Companion.observe(Lkotlin/jvm/functions/Function1;Lkotlin/jvm/functions/Function1;Lkotlin/jvm/functions/Function0;)Ljava/lang/Object;+108
j  androidx.compose.runtime.snapshots.SnapshotStateObserver$observeReads$1$1.invoke()V+15
j  androidx.compose.runtime.snapshots.SnapshotStateObserver$observeReads$1$1.invoke()Ljava/lang/Object;+1
j  androidx.compose.runtime.SnapshotStateKt__DerivedStateKt.observeDerivedStateRecalculations(Lkotlin/jvm/functions/Function1;Lkotlin/jvm/functions/Function1;Lkotlin/jvm/functions/Function0;)V+94
j  androidx.compose.runtime.SnapshotStateKt.observeDerivedStateRecalculations(Lkotlin/jvm/functions/Function1;Lkotlin/jvm/functions/Function1;Lkotlin/jvm/functions/Function0;)V+3
j  androidx.compose.runtime.snapshots.SnapshotStateObserver.observeReads(Ljava/lang/Object;Lkotlin/jvm/functions/Function1;Lkotlin/jvm/functions/Function0;)V+180
j  androidx.compose.ui.util.UpdateEffect_desktopKt$UpdateEffect$2.invoke$performUpdate(Landroidx/compose/runtime/snapshots/SnapshotStateObserver;Lkotlin/jvm/internal/Ref$ObjectRef;Landroidx/compose/runtime/State;)V+38
j  androidx.compose.ui.util.UpdateEffect_desktopKt$UpdateEffect$2.invoke(Landroidx/compose/runtime/DisposableEffectScope;)Landroidx/compose/runtime/DisposableEffectResult;+59
j  androidx.compose.ui.util.UpdateEffect_desktopKt$UpdateEffect$2.invoke(Ljava/lang/Object;)Ljava/lang/Object;+5
j  androidx.compose.runtime.DisposableEffectImpl.onRemembered()V+8
j  androidx.compose.runtime.CompositionImpl$RememberEventDispatcher.dispatchRememberObservers()V+234
j  androidx.compose.runtime.CompositionImpl.applyChangesInLocked(Ljava/util/List;)V+246
j  androidx.compose.runtime.CompositionImpl.applyChanges()V+38
j  androidx.compose.runtime.Recomposer.composeInitial$runtime(Landroidx/compose/runtime/ControlledComposition;Lkotlin/jvm/functions/Function2;)V+267
j  androidx.compose.runtime.CompositionImpl.setContent(Lkotlin/jvm/functions/Function2;)V+55
j  androidx.compose.ui.window.Application_desktopKt$awaitApplication$2$1$2.invokeSuspend(Ljava/lang/Object;)Ljava/lang/Object;+89
j  kotlin.coroutines.jvm.internal.BaseContinuationImpl.resumeWith(Ljava/lang/Object;)V+44
j  kotlinx.coroutines.DispatchedTask.run()V+314
j  java.awt.event.InvocationEvent.dispatch()V+47 java.desktop@21.0.1
j  java.awt.EventQueue.dispatchEventImpl(Ljava/awt/AWTEvent;Ljava/lang/Object;)V+21 java.desktop@21.0.1
j  java.awt.EventQueue$4.run()Ljava/lang/Void;+32 java.desktop@21.0.1
j  java.awt.EventQueue$4.run()Ljava/lang/Object;+1 java.desktop@21.0.1
j  java.security.AccessController.executePrivileged(Ljava/security/PrivilegedAction;Ljava/security/AccessControlContext;Ljava/lang/Class;)Ljava/lang/Object;+29 java.base@21.0.1
j  java.security.AccessController.doPrivileged(Ljava/security/PrivilegedAction;Ljava/security/AccessControlContext;)Ljava/lang/Object;+13 java.base@21.0.1
j  java.security.ProtectionDomain$JavaSecurityAccessImpl.doIntersectionPrivilege(Ljava/security/PrivilegedAction;Ljava/security/AccessControlContext;Ljava/security/AccessControlContext;)Ljava/lang/Object;+18 java.base@21.0.1
j  java.awt.EventQueue.dispatchEvent(Ljava/awt/AWTEvent;)V+46 java.desktop@21.0.1
j  java.awt.EventDispatchThread.pumpOneEventForFilters(I)V+81 java.desktop@21.0.1
j  java.awt.EventDispatchThread.pumpEventsForFilter(ILjava/awt/Conditional;Ljava/awt/EventFilter;)V+35 java.desktop@21.0.1
j  java.awt.EventDispatchThread.pumpEventsForHierarchy(ILjava/awt/Conditional;Ljava/awt/Component;)V+11 java.desktop@21.0.1
j  java.awt.EventDispatchThread.pumpEvents(ILjava/awt/Conditional;)V+4 java.desktop@21.0.1
j  java.awt.EventDispatchThread.pumpEvents(Ljava/awt/Conditional;)V+3 java.desktop@21.0.1
j  java.awt.EventDispatchThread.run()V+9 java.desktop@21.0.1
v  ~StubRoutines::call_stub 0x0000016ce89a100d

siginfo: EXCEPTION_ACCESS_VIOLATION (0xc0000005), reading address 0x0000000000000000


Registers:
RAX=0x0000000000000000, RBX=0x0000016cf907ac70, RCX=0x5c6f05c30e9d0000, RDX=0x0000016cfa15e052
RSP=0x000000173a5fd1b0, RBP=0x000000173a5fd2a8, RSI=0x0000000000000000, RDI=0x0000016cf907b028
R8 =0x0000000000000000, R9 =0x0000016cf4983590, R10=0x0000016cf907ac70, R11=0x000000173a5fd1a8
R12=0x0000000000000000, R13=0x0000016cf5a82650, R14=0x000000173a5fd518, R15=0x0000016cf907ac70
RIP=0x00007ff865137e71, EFLAGS=0x0000000000010206


Register to memory mapping:

RAX=0x0 is null
RBX=0x0000016cf907ac70 is a thread
RCX=0x5c6f05c30e9d0000 is an unknown value
RDX=0x0000016cfa15e052 is a global jni handle
RSP=0x000000173a5fd1b0 is pointing into the stack for thread: 0x0000016cf907ac70
RBP=0x000000173a5fd2a8 is pointing into the stack for thread: 0x0000016cf907ac70
RSI=0x0 is null
RDI=0x0000016cf907b028 points into unknown readable memory: 0x00007ff8658bc600 | 00 c6 8b 65 f8 7f 00 00
R8 =0x0 is null
R9 =0x0000016cf4983590 points into unknown readable memory: 0x0000000000000002 | 02 00 00 00 00 00 00 00
R10=0x0000016cf907ac70 is a thread
R11=0x000000173a5fd1a8 is pointing into the stack for thread: 0x0000016cf907ac70
R12=0x0 is null
R13={method} {0x0000016cf5a82658} 'flush' '(JJ)V' in 'org/jetbrains/skiko/context/Direct3DContextHandler'
R14=0x000000173a5fd518 is pointing into the stack for thread: 0x0000016cf907ac70
R15=0x0000016cf907ac70 is a thread

Top of Stack: (sp=0x000000173a5fd1b0)
0x000000173a5fd1b0:   0000016cf907ac70 0000000000000081
0x000000173a5fd1c0:   000000173a5fd248 000000173a5fd2c0
0x000000173a5fd1d0:   0000016cf4923f00 0000000000000000
0x000000173a5fd1e0:   000000173a5fd518 0000016cf907ac70
0x000000173a5fd1f0:   000000173a5fd2c0 0000000000000000
0x000000173a5fd200:   0000016cf907ac70 0000016cf4923ef8
0x000000173a5fd210:   0000016c00000452 00007ff8656e9e18
0x000000173a5fd220:   0000016cf5a82650 0000000000000000
0x000000173a5fd230:   000000173a5fd2c0 00007ff86513c187
0x000000173a5fd240:   0000016cf907ac70 000000173a5fd4d8
0x000000173a5fd250:   000000173a5fd518 00007ff863d07cfc
0x000000173a5fd260:   0000016cf907b028 000000173a5fd4d8
0x000000173a5fd270:   0000000000000000 0000016cfa08e814
0x000000173a5fd280:   0000016cfa08e814 00007ff863d081bc
0x000000173a5fd290:   0000016cf907b028 0000000000000000
0x000000173a5fd2a0:   0000000000000000 0000016cf498e4d8
0x000000173a5fd2b0:   00007ff8649abe30 000000173a5fd400
0x000000173a5fd2c0:   652065766974614e 6e6f697470656378
0x000000173a5fd2d0:   76614a5b206e6920 656a5f67726f5f61
0x000000173a5fd2e0:   5f736e6961726274 6f635f6f6b696b73
0x000000173a5fd2f0:   69445f747865746e 6f43443374636572
0x000000173a5fd300:   6e6148747865746e 756c665f72656c64
0x000000173a5fd310:   4845530a3a5d6873 7069726373656420
0x000000173a5fd320:   5845203a6e6f6974 5f4e4f4954504543
0x000000173a5fd330:   565f535345434341 4e4f4954414c4f49
0x000000173a5fd340:   000000000000000a 0000000000000000
0x000000173a5fd350:   000000173a5fd400 0000000000000000
0x000000173a5fd360:   0000016cf907ac70 000000173a5fd518
0x000000173a5fd370:   0000016cfa9fd630 00007ff863fb0b4b
0x000000173a5fd380:   0000000000000000 0000000000000001
0x000000173a5fd390:   00008dbc328f77be 0000000000000000
0x000000173a5fd3a0:   0000016cf91d3b00 00007ff863d02ea7 

Instructions: (pc=0x00007ff865137e71)
0x00007ff865137d71:   8d 4b 48 e8 67 a6 41 00 48 8d 4b 10 e8 0e a2 41
0x00007ff865137d81:   00 48 8d 4b 48 e8 e5 97 41 00 ba b8 00 00 00 48
0x00007ff865137d91:   8b cb e8 78 65 f6 ff 32 c0 eb a0 48 81 c4 b0 00
0x00007ff865137da1:   00 00 5f 5d 5b c3 cc cc cc cc cc cc cc cc cc 48
0x00007ff865137db1:   8b 41 10 48 2b 41 08 c3 cc cc cc cc cc cc cc 48
0x00007ff865137dc1:   89 5c 24 08 48 89 6c 24 10 48 89 74 24 18 48 89
0x00007ff865137dd1:   7c 24 20 41 56 48 81 ec a0 00 00 00 8b 81 b8 00
0x00007ff865137de1:   00 00 48 8d 99 48 fc ff ff 05 53 21 ff ff 49 8b
0x00007ff865137df1:   e9 49 8b f0 48 8b f9 83 f8 01 77 08 48 8b cb e8
0x00007ff865137e01:   4b 3e fb ff 80 3d 55 a7 7e 00 00 c7 83 4c 04 00
0x00007ff865137e11:   00 06 00 00 00 75 06 e8 a3 1e 28 00 90 48 8b 83
0x00007ff865137e21:   50 04 00 00 a8 01 74 0d 45 33 c0 b2 01 48 8b cb
0x00007ff865137e31:   e8 aa 1a 2f 00 8b 83 48 04 00 00 a8 0c 74 08 48
0x00007ff865137e41:   8b cb e8 b8 53 fb ff c7 83 4c 04 00 00 06 00 00
0x00007ff865137e51:   00 48 83 7b 08 00 48 89 5c 24 50 48 c7 44 24 58
0x00007ff865137e61:   00 00 00 00 74 0a 48 8d 4c 24 50 e8 6f e4 2b 00
0x00007ff865137e71:   48 8b 16 48 8d 4c 24 70 c7 44 24 40 0e 00 00 00
0x00007ff865137e81:   e8 9a 6f 01 00 48 8d 44 24 70 48 89 5c 24 30 48
0x00007ff865137e91:   89 44 24 28 4c 8d 35 04 20 5b 00 45 33 c9 48 89
0x00007ff865137ea1:   74 24 20 45 33 c0 4c 89 74 24 70 48 8d 54 24 40
0x00007ff865137eb1:   48 89 ac 24 98 00 00 00 48 8b cf e8 0f 80 01 00
0x00007ff865137ec1:   48 83 7c 24 58 00 4c 89 74 24 70 48 c7 84 24 98
0x00007ff865137ed1:   00 00 00 00 00 00 00 74 0a 48 8d 4c 24 50 e8 7c
0x00007ff865137ee1:   e4 2b 00 48 8b bb 98 01 00 00 48 8b 47 10 48 83
0x00007ff865137ef1:   38 00 74 08 48 8b cf e8 43 6b f6 ff 48 8b 4f 08
0x00007ff865137f01:   48 8b 47 10 48 89 41 10 48 8b 4f 08 48 8b 47 18
0x00007ff865137f11:   48 89 41 18 48 8b 4f 08 48 8b 47 20 48 89 41 20
0x00007ff865137f21:   48 8d 8b 98 03 00 00 e8 c3 ed ed ff 4c 8d 9c 24
0x00007ff865137f31:   a0 00 00 00 90 49 8b 6b 18 49 8b 73 20 49 8b 7b
0x00007ff865137f41:   28 c7 83 4c 04 00 00 04 00 00 00 49 8b 5b 10 49
0x00007ff865137f51:   8b e3 41 5e c3 cc cc cc cc cc cc cc cc cc cc 48
0x00007ff865137f61:   89 5c 24 08 48 89 6c 24 10 48 89 74 24 18 57 48 


Stack slot to memory mapping:

stack at sp + 0 slots: 0x0000016cf907ac70 is a thread
stack at sp + 1 slots: 0x0000000000000081 is an unknown value
stack at sp + 2 slots: 0x000000173a5fd248 is pointing into the stack for thread: 0x0000016cf907ac70
stack at sp + 3 slots: 0x000000173a5fd2c0 is pointing into the stack for thread: 0x0000016cf907ac70
stack at sp + 4 slots: 0x0000016cf4923f00 points into unknown readable memory: 0x00000000c4310fe8 | e8 0f 31 c4 00 00 00 00
stack at sp + 5 slots: 0x0 is null
stack at sp + 6 slots: 0x000000173a5fd518 is pointing into the stack for thread: 0x0000016cf907ac70
stack at sp + 7 slots: 0x0000016cf907ac70 is a thread


---------------  P R O C E S S  ---------------

Threads class SMR info:
_java_thread_list=0x0000016cf9ff16b0, length=21, elements={
0x0000016cd7849430, 0x0000016cf4390390, 0x0000016cd791df20, 0x0000016cf4394f20,
0x0000016cf4395980, 0x0000016cf43963e0, 0x0000016cf4396e40, 0x0000016cf43978a0,
0x0000016cf43e5dd0, 0x0000016cf446e4b0, 0x0000016cf48ed290, 0x0000016cf48ed900,
0x0000016cf90d2e00, 0x0000016cf90d38f0, 0x0000016cf906ccc0, 0x0000016cf907ac70,
0x0000016cf971f620, 0x0000016cf971e900, 0x0000016cf971fcb0, 0x0000016cf97209d0,
0x0000016cf9721060
}

Java Threads: ( => current thread )
  0x0000016cd7849430 JavaThread "main"                              [_thread_blocked, id=19228, stack(0x0000001738f00000,0x0000001739000000) (1024K)]
  0x0000016cf4390390 JavaThread "Reference Handler"          daemon [_thread_blocked, id=4464, stack(0x0000001739700000,0x0000001739800000) (1024K)]
  0x0000016cd791df20 JavaThread "Finalizer"                  daemon [_thread_blocked, id=18060, stack(0x0000001739800000,0x0000001739900000) (1024K)]
  0x0000016cf4394f20 JavaThread "Signal Dispatcher"          daemon [_thread_blocked, id=8312, stack(0x0000001739900000,0x0000001739a00000) (1024K)]
  0x0000016cf4395980 JavaThread "Attach Listener"            daemon [_thread_blocked, id=20192, stack(0x0000001739a00000,0x0000001739b00000) (1024K)]
  0x0000016cf43963e0 JavaThread "Service Thread"             daemon [_thread_blocked, id=19840, stack(0x0000001739b00000,0x0000001739c00000) (1024K)]
  0x0000016cf4396e40 JavaThread "Monitor Deflation Thread"   daemon [_thread_blocked, id=19100, stack(0x0000001739c00000,0x0000001739d00000) (1024K)]
  0x0000016cf43978a0 JavaThread "C2 CompilerThread0"         daemon [_thread_blocked, id=19936, stack(0x0000001739d00000,0x0000001739e00000) (1024K)]
  0x0000016cf43e5dd0 JavaThread "C1 CompilerThread0"         daemon [_thread_blocked, id=22888, stack(0x0000001739e00000,0x0000001739f00000) (1024K)]
  0x0000016cf446e4b0 JavaThread "Common-Cleaner"             daemon [_thread_blocked, id=7392, stack(0x0000001739f00000,0x000000173a000000) (1024K)]
  0x0000016cf48ed290 JavaThread "Monitor Ctrl-Break"         daemon [_thread_in_native, id=5844, stack(0x000000173a100000,0x000000173a200000) (1024K)]
  0x0000016cf48ed900 JavaThread "Notification Thread"        daemon [_thread_blocked, id=18368, stack(0x000000173a200000,0x000000173a300000) (1024K)]
  0x0000016cf90d2e00 JavaThread "Java2D Disposer"            daemon [_thread_blocked, id=18392, stack(0x000000173a000000,0x000000173a100000) (1024K)]
  0x0000016cf90d38f0 JavaThread "AWT-Shutdown"                      [_thread_blocked, id=11696, stack(0x000000173a300000,0x000000173a400000) (1024K)]
  0x0000016cf906ccc0 JavaThread "AWT-Windows"                daemon [_thread_in_native, id=12836, stack(0x000000173a400000,0x000000173a500000) (1024K)]
=>0x0000016cf907ac70 JavaThread "AWT-EventQueue-0"                  [_thread_in_vm, id=236, stack(0x000000173a500000,0x000000173a600000) (1024K)]
  0x0000016cf971f620 JavaThread "DefaultDispatcher-worker-1" daemon [_thread_blocked, id=15744, stack(0x000000173a900000,0x000000173aa00000) (1024K)]
  0x0000016cf971e900 JavaThread "DefaultDispatcher-worker-2" daemon [_thread_blocked, id=6096, stack(0x000000173aa00000,0x000000173ab00000) (1024K)]
  0x0000016cf971fcb0 JavaThread "Reference Cleaner"          daemon [_thread_blocked, id=14368, stack(0x000000173ab00000,0x000000173ac00000) (1024K)]
  0x0000016cf97209d0 JavaThread "DefaultDispatcher-worker-3" daemon [_thread_blocked, id=7056, stack(0x000000173ac00000,0x000000173ad00000) (1024K)]
  0x0000016cf9721060 JavaThread "kotlinx.coroutines.DefaultExecutor" daemon [_thread_blocked, id=21560, stack(0x000000173ad00000,0x000000173ae00000) (1024K)]
Total: 21

Other Threads:
  0x0000016cd79004b0 VMThread "VM Thread"                           [id=13896, stack(0x0000001739600000,0x0000001739700000) (1024K)] _threads_hazard_ptr=0x0000016cf9ff16b0
  0x0000016cd78e8b60 WatcherThread "VM Periodic Task Thread"        [id=19668, stack(0x0000001739500000,0x0000001739600000) (1024K)]
  0x0000016cd7880ee0 WorkerThread "GC Thread#0"                     [id=9712, stack(0x0000001739000000,0x0000001739100000) (1024K)]
  0x0000016cf956b640 WorkerThread "GC Thread#1"                     [id=23072, stack(0x000000173a600000,0x000000173a700000) (1024K)]
  0x0000016cf932e3c0 WorkerThread "GC Thread#2"                     [id=13524, stack(0x000000173a700000,0x000000173a800000) (1024K)]
  0x0000016cf932e760 WorkerThread "GC Thread#3"                     [id=12928, stack(0x000000173a800000,0x000000173a900000) (1024K)]
  0x0000016cd7889a80 ConcurrentGCThread "G1 Main Marker"            [id=752, stack(0x0000001739100000,0x0000001739200000) (1024K)]
  0x0000016cd788a580 WorkerThread "G1 Conc#0"                       [id=2080, stack(0x0000001739200000,0x0000001739300000) (1024K)]
  0x0000016cd78da1f0 ConcurrentGCThread "G1 Refine#0"               [id=9148, stack(0x0000001739300000,0x0000001739400000) (1024K)]
  0x0000016cd78dad60 ConcurrentGCThread "G1 Service"                [id=5416, stack(0x0000001739400000,0x0000001739500000) (1024K)]
Total: 10

Threads with active compile tasks:
Total: 0

VM state: synchronizing (normal execution)

VM Mutex/Monitor currently owned by a thread:  ([mutex/lock_event])
[0x00007ff86593a5f8] Threads_lock - owner thread: 0x0000016cd79004b0

Heap address: 0x00000000c2200000, size: 990 MB, Compressed Oops mode: 32-bit

CDS archive(s) mapped at: [0x0000016c80000000-0x0000016c80c90000-0x0000016c80c90000), size 13172736, SharedBaseAddress: 0x0000016c80000000, ArchiveRelocationMode: 1.
Compressed class space mapped at: 0x0000016c81000000-0x0000016cc1000000, reserved size: 1073741824
Narrow klass base: 0x0000016c80000000, Narrow klass shift: 0, Narrow klass range: 0x100000000

GC Precious Log:
 CardTable entry size: 512
 Card Set container configuration: InlinePtr #cards 5 size 8 Array Of Cards #cards 12 size 40 Howl #buckets 4 coarsen threshold 1843 Howl Bitmap #cards 512 size 80 coarsen threshold 460 Card regions per heap region 1 cards per card region 2048
 CPUs: 4 total, 4 available
 Memory: 3956M
 Large Page Support: Disabled
 NUMA Support: Disabled
 Compressed Oops: Enabled (32-bit)
 Heap Region Size: 1M
 Heap Min Capacity: 8M
 Heap Initial Capacity: 62M
 Heap Max Capacity: 990M
 Pre-touch: Disabled
 Parallel Workers: 4
 Concurrent Workers: 1
 Concurrent Refinement Workers: 4
 Periodic GC: Disabled

Heap:
 garbage-first heap   total 63488K, used 30398K [0x00000000c2200000, 0x0000000100000000)
  region size 1024K, 29 young (29696K), 2 survivors (2048K)
 Metaspace       used 20752K, committed 20992K, reserved 1114112K
  class space    used 2151K, committed 2240K, reserved 1048576K

Heap Regions: E=young(eden), S=young(survivor), O=old, HS=humongous(starts), HC=humongous(continues), CS=collection set, F=free, TAMS=top-at-mark-start, PB=parsable bottom
|   0|0x00000000c2200000, 0x00000000c2300000, 0x00000000c2300000|100%| O|  |TAMS 0x00000000c2200000| PB 0x00000000c2200000| Untracked 
|   1|0x00000000c2300000, 0x00000000c2400000, 0x00000000c2400000|100%| O|  |TAMS 0x00000000c2300000| PB 0x00000000c2300000| Untracked 
|   2|0x00000000c2400000, 0x00000000c2400000, 0x00000000c2500000|  0%| F|  |TAMS 0x00000000c2400000| PB 0x00000000c2400000| Untracked 
|   3|0x00000000c2500000, 0x00000000c2600000, 0x00000000c2600000|100%| O|  |TAMS 0x00000000c2500000| PB 0x00000000c2500000| Untracked 
|   4|0x00000000c2600000, 0x00000000c2676178, 0x00000000c2700000| 46%| O|  |TAMS 0x00000000c2600000| PB 0x00000000c2600000| Untracked 
|   5|0x00000000c2700000, 0x00000000c2700000, 0x00000000c2800000|  0%| F|  |TAMS 0x00000000c2700000| PB 0x00000000c2700000| Untracked 
|   6|0x00000000c2800000, 0x00000000c2800000, 0x00000000c2900000|  0%| F|  |TAMS 0x00000000c2800000| PB 0x00000000c2800000| Untracked 
|   7|0x00000000c2900000, 0x00000000c2900000, 0x00000000c2a00000|  0%| F|  |TAMS 0x00000000c2900000| PB 0x00000000c2900000| Untracked 
|   8|0x00000000c2a00000, 0x00000000c2a00000, 0x00000000c2b00000|  0%| F|  |TAMS 0x00000000c2a00000| PB 0x00000000c2a00000| Untracked 
|   9|0x00000000c2b00000, 0x00000000c2b00000, 0x00000000c2c00000|  0%| F|  |TAMS 0x00000000c2b00000| PB 0x00000000c2b00000| Untracked 
|  10|0x00000000c2c00000, 0x00000000c2c00000, 0x00000000c2d00000|  0%| F|  |TAMS 0x00000000c2c00000| PB 0x00000000c2c00000| Untracked 
|  11|0x00000000c2d00000, 0x00000000c2d00000, 0x00000000c2e00000|  0%| F|  |TAMS 0x00000000c2d00000| PB 0x00000000c2d00000| Untracked 
|  12|0x00000000c2e00000, 0x00000000c2e00000, 0x00000000c2f00000|  0%| F|  |TAMS 0x00000000c2e00000| PB 0x00000000c2e00000| Untracked 
|  13|0x00000000c2f00000, 0x00000000c2f00000, 0x00000000c3000000|  0%| F|  |TAMS 0x00000000c2f00000| PB 0x00000000c2f00000| Untracked 
|  14|0x00000000c3000000, 0x00000000c3000000, 0x00000000c3100000|  0%| F|  |TAMS 0x00000000c3000000| PB 0x00000000c3000000| Untracked 
|  15|0x00000000c3100000, 0x00000000c3100000, 0x00000000c3200000|  0%| F|  |TAMS 0x00000000c3100000| PB 0x00000000c3100000| Untracked 
|  16|0x00000000c3200000, 0x00000000c3200000, 0x00000000c3300000|  0%| F|  |TAMS 0x00000000c3200000| PB 0x00000000c3200000| Untracked 
|  17|0x00000000c3300000, 0x00000000c3300000, 0x00000000c3400000|  0%| F|  |TAMS 0x00000000c3300000| PB 0x00000000c3300000| Untracked 
|  18|0x00000000c3400000, 0x00000000c3400000, 0x00000000c3500000|  0%| F|  |TAMS 0x00000000c3400000| PB 0x00000000c3400000| Untracked 
|  19|0x00000000c3500000, 0x00000000c3500000, 0x00000000c3600000|  0%| F|  |TAMS 0x00000000c3500000| PB 0x00000000c3500000| Untracked 
|  20|0x00000000c3600000, 0x00000000c3600000, 0x00000000c3700000|  0%| F|  |TAMS 0x00000000c3600000| PB 0x00000000c3600000| Untracked 
|  21|0x00000000c3700000, 0x00000000c3700000, 0x00000000c3800000|  0%| F|  |TAMS 0x00000000c3700000| PB 0x00000000c3700000| Untracked 
|  22|0x00000000c3800000, 0x00000000c3800000, 0x00000000c3900000|  0%| F|  |TAMS 0x00000000c3800000| PB 0x00000000c3800000| Untracked 
|  23|0x00000000c3900000, 0x00000000c3900000, 0x00000000c3a00000|  0%| F|  |TAMS 0x00000000c3900000| PB 0x00000000c3900000| Untracked 
|  24|0x00000000c3a00000, 0x00000000c3a00000, 0x00000000c3b00000|  0%| F|  |TAMS 0x00000000c3a00000| PB 0x00000000c3a00000| Untracked 
|  25|0x00000000c3b00000, 0x00000000c3b00000, 0x00000000c3c00000|  0%| F|  |TAMS 0x00000000c3b00000| PB 0x00000000c3b00000| Untracked 
|  26|0x00000000c3c00000, 0x00000000c3c00000, 0x00000000c3d00000|  0%| F|  |TAMS 0x00000000c3c00000| PB 0x00000000c3c00000| Untracked 
|  27|0x00000000c3d00000, 0x00000000c3d00000, 0x00000000c3e00000|  0%| F|  |TAMS 0x00000000c3d00000| PB 0x00000000c3d00000| Untracked 
|  28|0x00000000c3e00000, 0x00000000c3e00000, 0x00000000c3f00000|  0%| F|  |TAMS 0x00000000c3e00000| PB 0x00000000c3e00000| Untracked 
|  29|0x00000000c3f00000, 0x00000000c3f00000, 0x00000000c4000000|  0%| F|  |TAMS 0x00000000c3f00000| PB 0x00000000c3f00000| Untracked 
|  30|0x00000000c4000000, 0x00000000c4000000, 0x00000000c4100000|  0%| F|  |TAMS 0x00000000c4000000| PB 0x00000000c4000000| Untracked 
|  31|0x00000000c4100000, 0x00000000c4100000, 0x00000000c4200000|  0%| F|  |TAMS 0x00000000c4100000| PB 0x00000000c4100000| Untracked 
|  32|0x00000000c4200000, 0x00000000c4200000, 0x00000000c4300000|  0%| F|  |TAMS 0x00000000c4200000| PB 0x00000000c4200000| Untracked 
|  33|0x00000000c4300000, 0x00000000c433f368, 0x00000000c4400000| 24%| E|  |TAMS 0x00000000c4300000| PB 0x00000000c4300000| Complete 
|  34|0x00000000c4400000, 0x00000000c4500000, 0x00000000c4500000|100%| E|CS|TAMS 0x00000000c4400000| PB 0x00000000c4400000| Complete 
|  35|0x00000000c4500000, 0x00000000c4600000, 0x00000000c4600000|100%| E|CS|TAMS 0x00000000c4500000| PB 0x00000000c4500000| Complete 
|  36|0x00000000c4600000, 0x00000000c4700000, 0x00000000c4700000|100%| E|CS|TAMS 0x00000000c4600000| PB 0x00000000c4600000| Complete 
|  37|0x00000000c4700000, 0x00000000c4800000, 0x00000000c4800000|100%| E|CS|TAMS 0x00000000c4700000| PB 0x00000000c4700000| Complete 
|  38|0x00000000c4800000, 0x00000000c4900000, 0x00000000c4900000|100%| E|CS|TAMS 0x00000000c4800000| PB 0x00000000c4800000| Complete 
|  39|0x00000000c4900000, 0x00000000c4a00000, 0x00000000c4a00000|100%| E|CS|TAMS 0x00000000c4900000| PB 0x00000000c4900000| Complete 
|  40|0x00000000c4a00000, 0x00000000c4b00000, 0x00000000c4b00000|100%| E|  |TAMS 0x00000000c4a00000| PB 0x00000000c4a00000| Complete 
|  41|0x00000000c4b00000, 0x00000000c4c00000, 0x00000000c4c00000|100%| E|CS|TAMS 0x00000000c4b00000| PB 0x00000000c4b00000| Complete 
|  42|0x00000000c4c00000, 0x00000000c4c39a40, 0x00000000c4d00000| 22%| S|CS|TAMS 0x00000000c4c00000| PB 0x00000000c4c00000| Complete 
|  43|0x00000000c4d00000, 0x00000000c4e00000, 0x00000000c4e00000|100%| S|CS|TAMS 0x00000000c4d00000| PB 0x00000000c4d00000| Complete 
|  44|0x00000000c4e00000, 0x00000000c4f00000, 0x00000000c4f00000|100%| E|CS|TAMS 0x00000000c4e00000| PB 0x00000000c4e00000| Complete 
|  45|0x00000000c4f00000, 0x00000000c5000000, 0x00000000c5000000|100%| E|CS|TAMS 0x00000000c4f00000| PB 0x00000000c4f00000| Complete 
|  46|0x00000000c5000000, 0x00000000c5100000, 0x00000000c5100000|100%| E|CS|TAMS 0x00000000c5000000| PB 0x00000000c5000000| Complete 
|  47|0x00000000c5100000, 0x00000000c5200000, 0x00000000c5200000|100%| E|CS|TAMS 0x00000000c5100000| PB 0x00000000c5100000| Complete 
|  48|0x00000000c5200000, 0x00000000c5300000, 0x00000000c5300000|100%| E|CS|TAMS 0x00000000c5200000| PB 0x00000000c5200000| Complete 
|  49|0x00000000c5300000, 0x00000000c5400000, 0x00000000c5400000|100%| E|CS|TAMS 0x00000000c5300000| PB 0x00000000c5300000| Complete 
|  50|0x00000000c5400000, 0x00000000c5500000, 0x00000000c5500000|100%| E|CS|TAMS 0x00000000c5400000| PB 0x00000000c5400000| Complete 
|  51|0x00000000c5500000, 0x00000000c5600000, 0x00000000c5600000|100%| E|CS|TAMS 0x00000000c5500000| PB 0x00000000c5500000| Complete 
|  52|0x00000000c5600000, 0x00000000c5700000, 0x00000000c5700000|100%| E|CS|TAMS 0x00000000c5600000| PB 0x00000000c5600000| Complete 
|  53|0x00000000c5700000, 0x00000000c5800000, 0x00000000c5800000|100%| E|CS|TAMS 0x00000000c5700000| PB 0x00000000c5700000| Complete 
|  54|0x00000000c5800000, 0x00000000c5900000, 0x00000000c5900000|100%| E|CS|TAMS 0x00000000c5800000| PB 0x00000000c5800000| Complete 
|  55|0x00000000c5900000, 0x00000000c5a00000, 0x00000000c5a00000|100%| E|CS|TAMS 0x00000000c5900000| PB 0x00000000c5900000| Complete 
|  56|0x00000000c5a00000, 0x00000000c5b00000, 0x00000000c5b00000|100%| E|CS|TAMS 0x00000000c5a00000| PB 0x00000000c5a00000| Complete 
|  57|0x00000000c5b00000, 0x00000000c5c00000, 0x00000000c5c00000|100%| E|CS|TAMS 0x00000000c5b00000| PB 0x00000000c5b00000| Complete 
|  58|0x00000000c5c00000, 0x00000000c5d00000, 0x00000000c5d00000|100%| E|CS|TAMS 0x00000000c5c00000| PB 0x00000000c5c00000| Complete 
|  59|0x00000000c5d00000, 0x00000000c5e00000, 0x00000000c5e00000|100%| E|CS|TAMS 0x00000000c5d00000| PB 0x00000000c5d00000| Complete 
|  60|0x00000000c5e00000, 0x00000000c5f00000, 0x00000000c5f00000|100%| E|CS|TAMS 0x00000000c5e00000| PB 0x00000000c5e00000| Complete 
|  61|0x00000000c5f00000, 0x00000000c6000000, 0x00000000c6000000|100%| E|CS|TAMS 0x00000000c5f00000| PB 0x00000000c5f00000| Complete 

Card table byte_map: [0x0000016cf0c90000,0x0000016cf0e80000] _byte_map_base: 0x0000016cf067f000

Marking Bits: (CMBitMap*) 0x0000016cd78815e0
 Bits: [0x0000016cf0e80000, 0x0000016cf1df8000)

Polling page: 0x0000016cd7920000

Metaspace:

Usage:
  Non-class:     18.17 MB used.
      Class:      2.10 MB used.
       Both:     20.27 MB used.

Virtual space:
  Non-class space:       64.00 MB reserved,      18.31 MB ( 29%) committed,  1 nodes.
      Class space:        1.00 GB reserved,       2.19 MB ( <1%) committed,  1 nodes.
             Both:        1.06 GB reserved,      20.50 MB (  2%) committed. 

Chunk freelists:
   Non-Class:  12.84 MB
       Class:  13.75 MB
        Both:  26.59 MB

MaxMetaspaceSize: unlimited
CompressedClassSpaceSize: 1.00 GB
Initial GC threshold: 21.00 MB
Current GC threshold: 21.00 MB
CDS: on
 - commit_granule_bytes: 65536.
 - commit_granule_words: 8192.
 - virtual_space_node_default_size: 8388608.
 - enlarge_chunks_in_place: 1.
 - use_allocation_guard: 0.


Internal statistics:

num_allocs_failed_limit: 0.
num_arena_births: 204.
num_arena_deaths: 0.
num_vsnodes_births: 2.
num_vsnodes_deaths: 0.
num_space_committed: 328.
num_space_uncommitted: 0.
num_chunks_returned_to_freelist: 0.
num_chunks_taken_from_freelist: 701.
num_chunk_merges: 0.
num_chunk_splits: 555.
num_chunks_enlarged: 463.
num_inconsistent_stats: 0.

CodeHeap 'non-profiled nmethods': size=120000Kb used=700Kb max_used=700Kb free=119299Kb
 bounds [0x0000016ce8f40000, 0x0000016ce91b0000, 0x0000016cf0470000]
CodeHeap 'profiled nmethods': size=120000Kb used=3127Kb max_used=3127Kb free=116872Kb
 bounds [0x0000016ce1470000, 0x0000016ce1780000, 0x0000016ce89a0000]
CodeHeap 'non-nmethods': size=5760Kb used=2141Kb max_used=2141Kb free=3618Kb
 bounds [0x0000016ce89a0000, 0x0000016ce8c10000, 0x0000016ce8f40000]
 total_blobs=2856 nmethods=1771 adapters=990
 compilation: enabled
              stopped_count=0, restarted_count=0
 full_count=0

Compilation events (20 events):
Event: 7.816 Thread 0x0000016cf43e5dd0 1762       3       java.util.concurrent.ConcurrentHashMap::values (25 bytes)
Event: 7.816 Thread 0x0000016cf43e5dd0 nmethod 1762 0x0000016ce1777e90 code [0x0000016ce1778060, 0x0000016ce1778400]
Event: 7.816 Thread 0x0000016cf43e5dd0 1763       3       java.util.concurrent.ConcurrentHashMap$ValuesView::iterator (34 bytes)
Event: 7.817 Thread 0x0000016cf43e5dd0 nmethod 1763 0x0000016ce1778510 code [0x0000016ce17786c0, 0x0000016ce17788f8]
Event: 7.817 Thread 0x0000016cf43e5dd0 1764       3       java.util.concurrent.ConcurrentHashMap$ValueIterator::<init> (12 bytes)
Event: 7.817 Thread 0x0000016cf43e5dd0 nmethod 1764 0x0000016ce1778a10 code [0x0000016ce1778bc0, 0x0000016ce1778cf8]
Event: 7.821 Thread 0x0000016cf43e5dd0 1765       3       org.jetbrains.skia.impl.Native_jvmKt::reachabilityBarrier (5 bytes)
Event: 7.821 Thread 0x0000016cf43e5dd0 nmethod 1765 0x0000016ce1778d90 code [0x0000016ce1778f40, 0x0000016ce1779088]
Event: 7.821 Thread 0x0000016cf43e5dd0 1766       1       org.jetbrains.skia.impl.CleanableImpl::setPrev (6 bytes)
Event: 7.821 Thread 0x0000016cf43e5dd0 nmethod 1766 0x0000016ce8fee810 code [0x0000016ce8fee9a0, 0x0000016ce8feeab8]
Event: 7.821 Thread 0x0000016cf43e5dd0 1767       3       androidx.compose.ui.node.LayoutNode::get_children$ui (30 bytes)
Event: 7.822 Thread 0x0000016cf43e5dd0 nmethod 1767 0x0000016ce1779190 code [0x0000016ce17793c0, 0x0000016ce1779aa0]
Event: 7.822 Thread 0x0000016cf43e5dd0 1768       1       androidx.compose.ui.node.NodeCoordinator::getPosition-nOcc-ac (5 bytes)
Event: 7.822 Thread 0x0000016cf43e5dd0 nmethod 1768 0x0000016ce8feeb10 code [0x0000016ce8feeca0, 0x0000016ce8feed68]
Event: 7.822 Thread 0x0000016cf43e5dd0 1770       1       androidx.compose.ui.node.InnerNodeCoordinator::getTail (5 bytes)
Event: 7.822 Thread 0x0000016cf43e5dd0 nmethod 1770 0x0000016ce8feee10 code [0x0000016ce8feefa0, 0x0000016ce8fef068]
Event: 7.822 Thread 0x0000016cf43e5dd0 1769   !   3       androidx.compose.runtime.snapshots.SnapshotKt::readable (146 bytes)
Event: 7.825 Thread 0x0000016cf43e5dd0 nmethod 1769 0x0000016ce1779d10 code [0x0000016ce177a220, 0x0000016ce177c9a0]
Event: 7.825 Thread 0x0000016cf43e5dd0 1771       3       androidx.compose.runtime.SnapshotMutableStateImpl::getValue (21 bytes)
Event: 7.825 Thread 0x0000016cf43e5dd0 nmethod 1771 0x0000016ce177da10 code [0x0000016ce177dbc0, 0x0000016ce177de10]

GC Heap History (4 events):
Event: 3.132 GC heap before
{Heap before GC invocations=0 (full 0):
 garbage-first heap   total 63488K, used 12288K [0x00000000c2200000, 0x0000000100000000)
  region size 1024K, 13 young (13312K), 0 survivors (0K)
 Metaspace       used 5064K, committed 5312K, reserved 1114112K
  class space    used 469K, committed 576K, reserved 1048576K
}
Event: 3.147 GC heap after
{Heap after GC invocations=1 (full 0):
 garbage-first heap   total 63488K, used 3264K [0x00000000c2200000, 0x0000000100000000)
  region size 1024K, 2 young (2048K), 2 survivors (2048K)
 Metaspace       used 5064K, committed 5312K, reserved 1114112K
  class space    used 469K, committed 576K, reserved 1048576K
}
Event: 5.264 GC heap before
{Heap before GC invocations=1 (full 0):
 garbage-first heap   total 63488K, used 19648K [0x00000000c2200000, 0x0000000100000000)
  region size 1024K, 18 young (18432K), 2 survivors (2048K)
 Metaspace       used 12613K, committed 12800K, reserved 1114112K
  class space    used 1269K, committed 1344K, reserved 1048576K
}
Event: 5.269 GC heap after
{Heap after GC invocations=2 (full 0):
 garbage-first heap   total 63488K, used 4798K [0x00000000c2200000, 0x0000000100000000)
  region size 1024K, 2 young (2048K), 2 survivors (2048K)
 Metaspace       used 12613K, committed 12800K, reserved 1114112K
  class space    used 1269K, committed 1344K, reserved 1048576K
}

Dll operation events (16 events):
Event: 0.102 Loaded shared library C:\Users\quenette1\.jdks\openjdk-21.0.1\bin\java.dll
Event: 0.368 Loaded shared library C:\Users\quenette1\.jdks\openjdk-21.0.1\bin\jsvml.dll
Event: 0.863 Loaded shared library C:\Users\quenette1\.jdks\openjdk-21.0.1\bin\zip.dll
Event: 0.992 Loaded shared library C:\Users\quenette1\.jdks\openjdk-21.0.1\bin\instrument.dll
Event: 1.023 Loaded shared library C:\Users\quenette1\.jdks\openjdk-21.0.1\bin\net.dll
Event: 1.138 Loaded shared library C:\Users\quenette1\.jdks\openjdk-21.0.1\bin\nio.dll
Event: 1.168 Loaded shared library C:\Users\quenette1\.jdks\openjdk-21.0.1\bin\zip.dll
Event: 1.386 Loaded shared library C:\Users\quenette1\.jdks\openjdk-21.0.1\bin\jimage.dll
Event: 1.452 Loaded shared library C:\Users\quenette1\AppData\Local\JetBrains\IntelliJ IDEA 2023.2.3\bin\breakgen64.dll
Event: 1.565 Loaded shared library C:\Users\quenette1\.jdks\openjdk-21.0.1\bin\extnet.dll
Event: 2.202 Loaded shared library C:\Users\quenette1\.jdks\openjdk-21.0.1\bin\awt.dll
Event: 3.845 Loaded shared library C:\Users\quenette1\.skiko\0de0d8dd8554d9bb66cfca3837db6514ff9b71080e998917280a3b777460a416\skiko-windows-x64.dll
Event: 4.717 Loaded shared library C:\Users\quenette1\.jdks\openjdk-21.0.1\bin\freetype.dll
Event: 4.721 Loaded shared library C:\Users\quenette1\.jdks\openjdk-21.0.1\bin\fontmanager.dll
Event: 5.585 Loaded shared library C:\Users\quenette1\.jdks\openjdk-21.0.1\bin\verify.dll
Event: 6.878 Loaded shared library C:\Users\quenette1\AppData\Local\Temp\sqlite-3.43.2.2-19fe4a6b-2419-4289-9d67-53a8f1f1347f-sqlitejdbc.dll

Deoptimization events (20 events):
Event: 6.871 Thread 0x0000016cf907ac70 Uncommon trap: trap_request=0xffffff45 fr.pc=0x0000016ce8fcd734 relative=0x0000000000000cd4
Event: 6.871 Thread 0x0000016cf907ac70 Uncommon trap: reason=unstable_if action=reinterpret pc=0x0000016ce8fcd734 method=org.sqlite.SQLiteJDBCLoader.contentsEquals(Ljava/io/InputStream;Ljava/io/InputStream;)Z @ 39 c2
Event: 6.871 Thread 0x0000016cf907ac70 DEOPT PACKING pc=0x0000016ce8fcd734 sp=0x000000173a5fae00
Event: 6.871 Thread 0x0000016cf907ac70 DEOPT UNPACKING pc=0x0000016ce89f46a2 sp=0x000000173a5fadf8 mode 2
Event: 7.042 Thread 0x0000016cf907ac70 Uncommon trap: trap_request=0xffffffde fr.pc=0x0000016ce8fd22dc relative=0x000000000000013c
Event: 7.042 Thread 0x0000016cf907ac70 Uncommon trap: reason=class_check action=maybe_recompile pc=0x0000016ce8fd22dc method=jdk.internal.misc.Unsafe.allocateUninitializedArray(Ljava/lang/Class;I)Ljava/lang/Object; @ 51 c2
Event: 7.042 Thread 0x0000016cf907ac70 DEOPT PACKING pc=0x0000016ce8fd22dc sp=0x000000173a5fa2b0
Event: 7.042 Thread 0x0000016cf907ac70 DEOPT UNPACKING pc=0x0000016ce89f46a2 sp=0x000000173a5fa228 mode 2
Event: 7.042 Thread 0x0000016cf907ac70 Uncommon trap: trap_request=0xffffffde fr.pc=0x0000016ce8fd22dc relative=0x000000000000013c
Event: 7.042 Thread 0x0000016cf907ac70 Uncommon trap: reason=class_check action=maybe_recompile pc=0x0000016ce8fd22dc method=jdk.internal.misc.Unsafe.allocateUninitializedArray(Ljava/lang/Class;I)Ljava/lang/Object; @ 51 c2
Event: 7.042 Thread 0x0000016cf907ac70 DEOPT PACKING pc=0x0000016ce8fd22dc sp=0x000000173a5f9d50
Event: 7.042 Thread 0x0000016cf907ac70 DEOPT UNPACKING pc=0x0000016ce89f46a2 sp=0x000000173a5f9cc8 mode 2
Event: 7.043 Thread 0x0000016cf907ac70 Uncommon trap: trap_request=0xffffffde fr.pc=0x0000016ce8fd22dc relative=0x000000000000013c
Event: 7.043 Thread 0x0000016cf907ac70 Uncommon trap: reason=class_check action=maybe_recompile pc=0x0000016ce8fd22dc method=jdk.internal.misc.Unsafe.allocateUninitializedArray(Ljava/lang/Class;I)Ljava/lang/Object; @ 51 c2
Event: 7.043 Thread 0x0000016cf907ac70 DEOPT PACKING pc=0x0000016ce8fd22dc sp=0x000000173a5f87a0
Event: 7.043 Thread 0x0000016cf907ac70 DEOPT UNPACKING pc=0x0000016ce89f46a2 sp=0x000000173a5f8718 mode 2
Event: 7.043 Thread 0x0000016cf907ac70 Uncommon trap: trap_request=0xffffffde fr.pc=0x0000016ce8fd22dc relative=0x000000000000013c
Event: 7.043 Thread 0x0000016cf907ac70 Uncommon trap: reason=class_check action=maybe_recompile pc=0x0000016ce8fd22dc method=jdk.internal.misc.Unsafe.allocateUninitializedArray(Ljava/lang/Class;I)Ljava/lang/Object; @ 51 c2
Event: 7.043 Thread 0x0000016cf907ac70 DEOPT PACKING pc=0x0000016ce8fd22dc sp=0x000000173a5f8240
Event: 7.043 Thread 0x0000016cf907ac70 DEOPT UNPACKING pc=0x0000016ce89f46a2 sp=0x000000173a5f81b8 mode 2

Classes loaded (20 events):
Event: 7.514 Loading class java/awt/KeyboardFocusManager$LightweightFocusRequest
Event: 7.514 Loading class java/awt/KeyboardFocusManager$LightweightFocusRequest done
Event: 7.522 Loading class sun/java2d/d3d/D3DSurfaceData$D3DWindowSurfaceData
Event: 7.522 Loading class sun/java2d/d3d/D3DSurfaceData
Event: 7.522 Loading class sun/java2d/pipe/hw/AccelSurface
Event: 7.523 Loading class sun/java2d/pipe/hw/AccelSurface done
Event: 7.523 Loading class sun/java2d/d3d/D3DSurfaceData done
Event: 7.523 Loading class sun/java2d/d3d/D3DSurfaceData$D3DWindowSurfaceData done
Event: 7.523 Loading class java/awt/geom/Rectangle2D$Double
Event: 7.523 Loading class java/awt/geom/Rectangle2D$Double done
Event: 7.524 Loading class java/awt/geom/RectIterator
Event: 7.524 Loading class java/awt/geom/PathIterator
Event: 7.524 Loading class java/awt/geom/PathIterator done
Event: 7.524 Loading class java/awt/geom/RectIterator done
Event: 7.542 Loading class java/io/NotSerializableException
Event: 7.542 Loading class java/io/ObjectStreamException
Event: 7.542 Loading class java/io/ObjectStreamException done
Event: 7.542 Loading class java/io/NotSerializableException done
Event: 7.760 Loading class java/util/AbstractList$ListItr
Event: 7.761 Loading class java/util/AbstractList$ListItr done

Classes unloaded (0 events):
No events

Classes redefined (0 events):
No events

Internal exceptions (20 events):
Event: 3.647 Thread 0x0000016cf907ac70 Exception <a 'java/lang/NoSuchMethodError'{0x00000000c59af920}: 'java.lang.Object java.lang.invoke.DirectMethodHandle$Holder.invokeStatic(java.lang.Object, int, java.lang.Object)'> (0x00000000c59af920) 
thrown [s\open\src\hotspot\share\interpreter\linkResolver.cpp, line 773]
Event: 3.707 Thread 0x0000016cf907ac70 Exception <a 'java/lang/ClassNotFoundException'{0x00000000c584f788}: com/sun/swing/internal/plaf/metal/resources/spi/metalProvider> (0x00000000c584f788) 
thrown [s\open\src\hotspot\share\classfile\systemDictionary.cpp, line 312]
Event: 3.709 Thread 0x0000016cf907ac70 Exception <a 'java/lang/ClassNotFoundException'{0x00000000c5853860}: com/sun/swing/internal/plaf/basic/resources/spi/basicProvider> (0x00000000c5853860) 
thrown [s\open\src\hotspot\share\classfile\systemDictionary.cpp, line 312]
Event: 3.725 Thread 0x0000016cf907ac70 Implicit null exception at 0x0000016ce8f640e6 to 0x0000016ce8f64192
Event: 3.736 Thread 0x0000016cf907ac70 Exception <a 'java/lang/NoSuchMethodError'{0x00000000c586fd18}: 'int java.lang.invoke.Invokers$Holder.invokeExact_MT(java.lang.Object, java.lang.Object)'> (0x00000000c586fd18) 
thrown [s\open\src\hotspot\share\interpreter\linkResolver.cpp, line 773]
Event: 4.651 Thread 0x0000016cf906ccc0 Exception <a 'java/lang/NoSuchMethodError'{0x00000000c504df40}: 'void java.lang.invoke.DirectMethodHandle$Holder.invokeVirtual(java.lang.Object, java.lang.Object)'> (0x00000000c504df40) 
thrown [s\open\src\hotspot\share\interpreter\linkResolver.cpp, line 773]
Event: 4.704 Thread 0x0000016cf907ac70 Exception <a 'java/lang/NoSuchMethodError'{0x00000000c5077c90}: 'void java.lang.invoke.DirectMethodHandle$Holder.invokeStaticInit(java.lang.Object)'> (0x00000000c5077c90) 
thrown [s\open\src\hotspot\share\interpreter\linkResolver.cpp, line 773]
Event: 5.288 Thread 0x0000016cf907ac70 Exception <a 'java/lang/NoSuchMethodError'{0x00000000c5fd41c0}: 'int java.lang.invoke.DirectMethodHandle$Holder.invokeStaticInit(java.lang.Object, java.lang.Object, java.lang.Object)'> (0x00000000c5fd41c0) 
thrown [s\open\src\hotspot\share\interpreter\linkResolver.cpp, line 773]
Event: 5.327 Thread 0x0000016cf907ac70 Exception <a 'java/lang/NoSuchMethodError'{0x00000000c5ec7190}: 'double java.lang.invoke.DirectMethodHandle$Holder.invokeStatic(java.lang.Object, double)'> (0x00000000c5ec7190) 
thrown [s\open\src\hotspot\share\interpreter\linkResolver.cpp, line 773]
Event: 5.328 Thread 0x0000016cf907ac70 Exception <a 'java/lang/NoSuchMethodError'{0x00000000c5eca958}: 'double java.lang.invoke.DirectMethodHandle$Holder.invokeStaticInit(java.lang.Object, double)'> (0x00000000c5eca958) 
thrown [s\open\src\hotspot\share\interpreter\linkResolver.cpp, line 773]
Event: 5.338 Thread 0x0000016cf907ac70 Exception <a 'java/lang/NoSuchMethodError'{0x00000000c5d1c290}: 'java.lang.Object java.lang.invoke.DirectMethodHandle$Holder.newInvokeSpecial(java.lang.Object, double)'> (0x00000000c5d1c290) 
thrown [s\open\src\hotspot\share\interpreter\linkResolver.cpp, line 773]
Event: 5.595 Thread 0x0000016cf907ac70 Exception <a 'java/lang/NoClassDefFoundError'{0x00000000c5999690}: org/slf4j/impl/StaticLoggerBinder> (0x00000000c5999690) 
thrown [s\open\src\hotspot\share\classfile\systemDictionary.cpp, line 301]
Event: 5.757 Thread 0x0000016cf907ac70 Exception <a 'sun/nio/fs/WindowsException'{0x00000000c57e3780}> (0x00000000c57e3780) 
thrown [s\open\src\hotspot\share\prims\jni.cpp, line 520]
Event: 5.872 Thread 0x0000016cf907ac70 Exception <a 'java/lang/NoSuchMethodError'{0x00000000c56552f0}: 'java.lang.Object java.lang.invoke.DirectMethodHandle$Holder.invokeStaticInit(java.lang.Object, int, int, int, int)'> (0x00000000c56552f0) 
thrown [s\open\src\hotspot\share\interpreter\linkResolver.cpp, line 773]
Event: 5.975 Thread 0x0000016cf907ac70 Exception <a 'java/lang/NoSuchMethodError'{0x00000000c56a66e8}: 'java.lang.Object java.lang.invoke.DirectMethodHandle$Holder.invokeStaticInit(java.lang.Object, java.lang.Object, int, int, int, int)'> (0x00000000c56a66e8) 
thrown [s\open\src\hotspot\share\interpreter\linkResolver.cpp, line 773]
Event: 5.993 Thread 0x0000016cf907ac70 Exception <a 'sun/nio/fs/WindowsException'{0x00000000c56b6510}> (0x00000000c56b6510) 
thrown [s\open\src\hotspot\share\prims\jni.cpp, line 520]
Event: 6.008 Thread 0x0000016cf907ac70 Exception <a 'sun/nio/fs/WindowsException'{0x00000000c56b8768}> (0x00000000c56b8768) 
thrown [s\open\src\hotspot\share\prims\jni.cpp, line 520]
Event: 6.936 Thread 0x0000016cf907ac70 Exception <a 'java/lang/NoSuchMethodError'{0x00000000c5544c20}: 'java.lang.Object java.lang.invoke.DirectMethodHandle$Holder.newInvokeSpecial(java.lang.Object, java.lang.Object, int)'> (0x00000000c5544c20) 
thrown [s\open\src\hotspot\share\interpreter\linkResolver.cpp, line 773]
Event: 6.937 Thread 0x0000016cf907ac70 Exception <a 'java/lang/NoSuchMethodError'{0x00000000c5549798}: 'java.lang.Object java.lang.invoke.DirectMethodHandle$Holder.invokeSpecial(java.lang.Object, java.lang.Object, int, java.lang.Object, long)'> (0x00000000c5549798) 
thrown [s\open\src\hotspot\share\interpreter\linkResolver.cpp, line 773]
Event: 8.223 Thread 0x0000016cf907ac70 Exception <a 'java/lang/NoSuchMethodError'{0x00000000c4310a60}: static Lorg/jetbrains/skiko/RenderExceptionsHandler;.throwException(Ljava/lang/String;)V> (0x00000000c4310a60) 
thrown [s\open\src\hotspot\share\prims\jni.cpp, line 1106]

ZGC Phase Switch (0 events):
No events

VM Operations (20 events):
Event: 3.582 Executing VM operation: HandshakeAllThreads (Deoptimize)
Event: 3.582 Executing VM operation: HandshakeAllThreads (Deoptimize) done
Event: 3.582 Executing VM operation: HandshakeAllThreads (Deoptimize)
Event: 3.582 Executing VM operation: HandshakeAllThreads (Deoptimize) done
Event: 3.811 Executing VM operation: HandshakeAllThreads (Deoptimize)
Event: 3.811 Executing VM operation: HandshakeAllThreads (Deoptimize) done
Event: 3.811 Executing VM operation: HandshakeAllThreads (Deoptimize)
Event: 3.811 Executing VM operation: HandshakeAllThreads (Deoptimize) done
Event: 4.466 Executing VM operation: HandshakeAllThreads (Deoptimize)
Event: 4.466 Executing VM operation: HandshakeAllThreads (Deoptimize) done
Event: 4.466 Executing VM operation: Cleanup
Event: 4.466 Executing VM operation: Cleanup done
Event: 4.483 Executing VM operation: HandshakeAllThreads (Deoptimize)
Event: 4.483 Executing VM operation: HandshakeAllThreads (Deoptimize) done
Event: 5.264 Executing VM operation: G1CollectForAllocation (G1 Evacuation Pause)
Event: 5.269 Executing VM operation: G1CollectForAllocation (G1 Evacuation Pause) done
Event: 6.276 Executing VM operation: Cleanup
Event: 6.276 Executing VM operation: Cleanup done
Event: 7.285 Executing VM operation: Cleanup
Event: 7.285 Executing VM operation: Cleanup done

Events (20 events):
Event: 0.358 Thread 0x0000016cf4390390 Thread added: 0x0000016cf4390390
Event: 0.359 Thread 0x0000016cd791df20 Thread added: 0x0000016cd791df20
Event: 0.359 Thread 0x0000016cf4394f20 Thread added: 0x0000016cf4394f20
Event: 0.359 Thread 0x0000016cf4395980 Thread added: 0x0000016cf4395980
Event: 0.360 Thread 0x0000016cf43963e0 Thread added: 0x0000016cf43963e0
Event: 0.360 Thread 0x0000016cf4396e40 Thread added: 0x0000016cf4396e40
Event: 0.360 Thread 0x0000016cf43978a0 Thread added: 0x0000016cf43978a0
Event: 0.372 Thread 0x0000016cf43e5dd0 Thread added: 0x0000016cf43e5dd0
Event: 0.586 Thread 0x0000016cf446e4b0 Thread added: 0x0000016cf446e4b0
Event: 1.454 Thread 0x0000016cf48ed290 Thread added: 0x0000016cf48ed290
Event: 1.454 Thread 0x0000016cf48ed900 Thread added: 0x0000016cf48ed900
Event: 2.547 Thread 0x0000016cf90d2e00 Thread added: 0x0000016cf90d2e00
Event: 2.551 Thread 0x0000016cf90d38f0 Thread added: 0x0000016cf90d38f0
Event: 2.553 Thread 0x0000016cf906ccc0 Thread added: 0x0000016cf906ccc0
Event: 2.683 Thread 0x0000016cf907ac70 Thread added: 0x0000016cf907ac70
Event: 3.885 Thread 0x0000016cf971f620 Thread added: 0x0000016cf971f620
Event: 3.885 Thread 0x0000016cf971e900 Thread added: 0x0000016cf971e900
Event: 3.939 Thread 0x0000016cf971fcb0 Thread added: 0x0000016cf971fcb0
Event: 4.312 Thread 0x0000016cf97209d0 Thread added: 0x0000016cf97209d0
Event: 4.330 Thread 0x0000016cf9721060 Thread added: 0x0000016cf9721060


Dynamic libraries:
0x00007ff7a1000000 - 0x00007ff7a100e000 	C:\Users\quenette1\.jdks\openjdk-21.0.1\bin\java.exe
0x00007ff8b4410000 - 0x00007ff8b4608000 	C:\windows\SYSTEM32\ntdll.dll
0x00007ff8b2f30000 - 0x00007ff8b2fef000 	C:\windows\System32\KERNEL32.DLL
0x00007ff8b20b0000 - 0x00007ff8b2382000 	C:\windows\System32\KERNELBASE.dll
0x00007ff8b1d80000 - 0x00007ff8b1e80000 	C:\windows\System32\ucrtbase.dll
0x00007ff897b60000 - 0x00007ff897b7b000 	C:\Users\quenette1\.jdks\openjdk-21.0.1\bin\VCRUNTIME140.dll
0x00007ff896610000 - 0x00007ff896628000 	C:\Users\quenette1\.jdks\openjdk-21.0.1\bin\jli.dll
0x00007ff8b2c50000 - 0x00007ff8b2df1000 	C:\windows\System32\USER32.dll
0x00007ff8b1d50000 - 0x00007ff8b1d72000 	C:\windows\System32\win32u.dll
0x00007ff8b2c00000 - 0x00007ff8b2c2b000 	C:\windows\System32\GDI32.dll
0x00007ff8b1e80000 - 0x00007ff8b1f8f000 	C:\windows\System32\gdi32full.dll
0x00007ff8b1cb0000 - 0x00007ff8b1d4d000 	C:\windows\System32\msvcp_win.dll
0x00007ff89e670000 - 0x00007ff89e90a000 	C:\windows\WinSxS\amd64_microsoft.windows.common-controls_6595b64144ccf1df_6.0.19041.1110_none_60b5254171f9507e\COMCTL32.dll
0x00007ff8b3f90000 - 0x00007ff8b402e000 	C:\windows\System32\msvcrt.dll
0x00007ff8b41b0000 - 0x00007ff8b41e2000 	C:\windows\System32\IMM32.DLL
0x00007ff8a10a0000 - 0x00007ff8a10ac000 	C:\Users\quenette1\.jdks\openjdk-21.0.1\bin\vcruntime140_1.dll
0x00007ff88da10000 - 0x00007ff88da9e000 	C:\Users\quenette1\.jdks\openjdk-21.0.1\bin\msvcp140.dll
0x00007ff864d00000 - 0x00007ff865a15000 	C:\Users\quenette1\.jdks\openjdk-21.0.1\bin\server\jvm.dll
0x00007ff8b36d0000 - 0x00007ff8b377e000 	C:\windows\System32\ADVAPI32.dll
0x00007ff8b4030000 - 0x00007ff8b40cc000 	C:\windows\System32\sechost.dll
0x00007ff8b2e00000 - 0x00007ff8b2f25000 	C:\windows\System32\RPCRT4.dll
0x00007ff8b3660000 - 0x00007ff8b36cb000 	C:\windows\System32\WS2_32.dll
0x00007ff89d840000 - 0x00007ff89d867000 	C:\windows\SYSTEM32\WINMM.dll
0x00007ff8a07d0000 - 0x00007ff8a07da000 	C:\windows\SYSTEM32\VERSION.dll
0x00007ff8b10d0000 - 0x00007ff8b111b000 	C:\windows\SYSTEM32\POWRPROF.dll
0x00007ff8b0f40000 - 0x00007ff8b0f52000 	C:\windows\SYSTEM32\UMPDC.dll
0x00007ff8b0350000 - 0x00007ff8b0362000 	C:\windows\SYSTEM32\kernel.appcore.dll
0x00007ff896690000 - 0x00007ff89669a000 	C:\Users\quenette1\.jdks\openjdk-21.0.1\bin\jimage.dll
0x00007ff8af8b0000 - 0x00007ff8afa94000 	C:\windows\SYSTEM32\DBGHELP.DLL
0x00007ff897f50000 - 0x00007ff897f85000 	C:\windows\SYSTEM32\dbgcore.DLL
0x00007ff8b2390000 - 0x00007ff8b2412000 	C:\windows\System32\bcryptPrimitives.dll
0x00007ff8965e0000 - 0x00007ff8965ef000 	C:\Users\quenette1\.jdks\openjdk-21.0.1\bin\instrument.dll
0x00007ff8965a0000 - 0x00007ff8965bf000 	C:\Users\quenette1\.jdks\openjdk-21.0.1\bin\java.dll
0x00007ff8b24b0000 - 0x00007ff8b2bf5000 	C:\windows\System32\SHELL32.dll
0x00007ff8afaa0000 - 0x00007ff8b0232000 	C:\windows\SYSTEM32\windows.storage.dll
0x00007ff8b3000000 - 0x00007ff8b3355000 	C:\windows\System32\combase.dll
0x00007ff8b1560000 - 0x00007ff8b1590000 	C:\windows\SYSTEM32\Wldp.dll
0x00007ff8b3ee0000 - 0x00007ff8b3f8d000 	C:\windows\System32\SHCORE.dll
0x00007ff8b4150000 - 0x00007ff8b41a5000 	C:\windows\System32\shlwapi.dll
0x00007ff8b1a40000 - 0x00007ff8b1a5f000 	C:\windows\SYSTEM32\profapi.dll
0x00007ff88e540000 - 0x00007ff88e617000 	C:\Users\quenette1\.jdks\openjdk-21.0.1\bin\jsvml.dll
0x00007ff896230000 - 0x00007ff896248000 	C:\Users\quenette1\.jdks\openjdk-21.0.1\bin\zip.dll
0x00007ff896220000 - 0x00007ff896230000 	C:\Users\quenette1\.jdks\openjdk-21.0.1\bin\net.dll
0x00007ff8a0d90000 - 0x00007ff8a0e9c000 	C:\windows\SYSTEM32\WINHTTP.dll
0x00007ff8b12c0000 - 0x00007ff8b132a000 	C:\windows\system32\mswsock.dll
0x00007ff896200000 - 0x00007ff896216000 	C:\Users\quenette1\.jdks\openjdk-21.0.1\bin\nio.dll
0x00007ff8a3b50000 - 0x00007ff8a3b6a000 	C:\Users\quenette1\AppData\Local\JetBrains\IntelliJ IDEA 2023.2.3\bin\breakgen64.dll
0x00007ff89d1f0000 - 0x00007ff89d1f7000 	C:\Users\quenette1\.jdks\openjdk-21.0.1\bin\extnet.dll
0x00007ff87c030000 - 0x00007ff87c1be000 	C:\Users\quenette1\.jdks\openjdk-21.0.1\bin\awt.dll
0x00007ff8b3590000 - 0x00007ff8b365d000 	C:\windows\System32\OLEAUT32.dll
0x00007ff8ae240000 - 0x00007ff8ae2d0000 	C:\windows\SYSTEM32\apphelp.dll
0x00007ff8ae8b0000 - 0x00007ff8ae94e000 	C:\windows\system32\uxtheme.dll
0x00007ff8b3d30000 - 0x00007ff8b3e45000 	C:\windows\System32\MSCTF.dll
0x00007ff8b42a0000 - 0x00007ff8b43ca000 	C:\windows\System32\ole32.dll
0x00007ff8af320000 - 0x00007ff8af34f000 	C:\windows\system32\DWMAPI.DLL
0x00007ff89b1d0000 - 0x00007ff89b2f5000 	C:\windows\system32\opengl32.dll
0x00007ff89b1a0000 - 0x00007ff89b1cc000 	C:\windows\SYSTEM32\GLU32.dll
0x00007ff863cb0000 - 0x00007ff864cfc000 	C:\Users\quenette1\.skiko\0de0d8dd8554d9bb66cfca3837db6514ff9b71080e998917280a3b777460a416\skiko-windows-x64.dll
0x00007ff88d630000 - 0x00007ff88d6b7000 	C:\Users\quenette1\.jdks\openjdk-21.0.1\bin\freetype.dll
0x00007ff881920000 - 0x00007ff8819f3000 	C:\Users\quenette1\.jdks\openjdk-21.0.1\bin\fontmanager.dll
0x00007ff89d1e0000 - 0x00007ff89d1e7000 	C:\Users\quenette1\.jdks\openjdk-21.0.1\bin\jawt.dll
0x00007ff8b04e0000 - 0x00007ff8b05d3000 	C:\windows\SYSTEM32\Dxgi.dll
0x00007ff897b30000 - 0x00007ff897b50000 	C:\windows\SYSTEM32\D3D12.dll
0x00007ff87a500000 - 0x00007ff87a6cd000 	C:\windows\SYSTEM32\D3D12Core.dll
0x00007ff8a9dc0000 - 0x00007ff8a9dfb000 	C:\windows\SYSTEM32\dxcore.dll
0x00007ff8b1c60000 - 0x00007ff8b1cae000 	C:\windows\System32\cfgmgr32.dll
0x00007ff88b810000 - 0x00007ff88ce1c000 	C:\windows\System32\DriverStore\FileRepository\ki125177.inf_amd64_d9d520fc51d8a7f4\igc64.dll
0x00007ff862ce0000 - 0x00007ff863ca5000 	C:\windows\System32\DriverStore\FileRepository\ki125177.inf_amd64_d9d520fc51d8a7f4\igd12umd64.dll
0x00007ff895010000 - 0x00007ff89503b000 	C:\windows\SYSTEM32\D3DSCache.dll
0x00007ff8b19c0000 - 0x00007ff8b19ee000 	C:\windows\SYSTEM32\USERENV.dll
0x00007ff8ab300000 - 0x00007ff8ab500000 	C:\windows\SYSTEM32\twinapi.appcore.dll
0x00007ff887680000 - 0x00007ff8878ff000 	C:\windows\SYSTEM32\dwrite.dll
0x00007ff89d1d0000 - 0x00007ff89d1e0000 	C:\Users\quenette1\.jdks\openjdk-21.0.1\bin\verify.dll
0x00007ff8b14b0000 - 0x00007ff8b14c8000 	C:\windows\SYSTEM32\CRYPTSP.dll
0x00007ff8b0b70000 - 0x00007ff8b0ba4000 	C:\windows\system32\rsaenh.dll
0x00007ff8b2420000 - 0x00007ff8b2447000 	C:\windows\System32\bcrypt.dll
0x00007ff8b14d0000 - 0x00007ff8b14dc000 	C:\windows\SYSTEM32\CRYPTBASE.dll
0x00007ff8b0f60000 - 0x00007ff8b0f9b000 	C:\windows\SYSTEM32\IPHLPAPI.DLL
0x00007ff8b2ff0000 - 0x00007ff8b2ff8000 	C:\windows\System32\NSI.dll
0x00007ff879930000 - 0x00007ff879a1f000 	C:\Users\quenette1\AppData\Local\Temp\sqlite-3.43.2.2-19fe4a6b-2419-4289-9d67-53a8f1f1347f-sqlitejdbc.dll
0x00007ff8ad180000 - 0x00007ff8ad363000 	C:\windows\SYSTEM32\dcomp.dll

dbghelp: loaded successfully - version: 4.0.5 - missing functions: none
symbol engine: initialized successfully - sym options: 0x614 - pdb path: .;C:\Users\quenette1\.jdks\openjdk-21.0.1\bin;C:\windows\SYSTEM32;C:\windows\WinSxS\amd64_microsoft.windows.common-controls_6595b64144ccf1df_6.0.19041.1110_none_60b5254171f9507e;C:\Users\quenette1\.jdks\openjdk-21.0.1\bin\server;C:\Users\quenette1\AppData\Local\JetBrains\IntelliJ IDEA 2023.2.3\bin;C:\Users\quenette1\.skiko\0de0d8dd8554d9bb66cfca3837db6514ff9b71080e998917280a3b777460a416;C:\windows\System32\DriverStore\FileRepository\ki125177.inf_amd64_d9d520fc51d8a7f4;C:\Users\quenette1\AppData\Local\Temp

VM Arguments:
jvm_args: -javaagent:C:\Users\quenette1\AppData\Local\JetBrains\IntelliJ IDEA 2023.2.3\lib\idea_rt.jar=53532:C:\Users\quenette1\AppData\Local\JetBrains\IntelliJ IDEA 2023.2.3\bin -Dfile.encoding=UTF-8 -Dsun.stdout.encoding=UTF-8 -Dsun.stderr.encoding=UTF-8 
java_command: MainViewKt
java_class_path (initial): C:\Users\quenette1\Desktop\travail\SAE POC\poc_sae_compose_groupeb\build\classes\kotlin\main;C:\Users\quenette1\.gradle\caches\modules-2\files-2.1\org.jetbrains.kotlin\kotlin-stdlib-jdk8\1.8.20\73576ddf378c5b4f1f6b449fe6b119b8183fc078\kotlin-stdlib-jdk8-1.8.20.jar;C:\Users\quenette1\.gradle\caches\modules-2\files-2.1\org.xerial\sqlite-jdbc\3.43.2.2\2a8e3eb01c8591c187c95d55b5e7e34f863a62a8\sqlite-jdbc-3.43.2.2.jar;C:\Users\quenette1\.gradle\caches\modules-2\files-2.1\org.jetbrains.compose.foundation\foundation-desktop\1.4.1\3af50bcd26973491ed32b251d234fae55c0b3c97\foundation-desktop-1.4.1.jar;C:\Users\quenette1\.gradle\caches\modules-2\files-2.1\org.jetbrains.compose.animation\animation-desktop\1.4.1\1155347d9aa6281e0805cb5b9707ed7e89e345b1\animation-desktop-1.4.1.jar;C:\Users\quenette1\.gradle\caches\modules-2\files-2.1\org.jetbrains.kotlin\kotlin-stdlib-jdk7\1.8.20\3aa51faf20aae8b31e1a4bc54f8370673d7b7df4\kotlin-stdlib-jdk7-1.8.20.jar;C:\Users\quenette1\.gradle\caches\modules-2\files-2.1\org.jetbrains.kotlin\kotlin-stdlib\1.8.20\e72fc5e03ec6c064c678a6bd0d955c88d55b0c4a\kotlin-stdlib-1.8.20.jar;C:\Users\quenette1\.gradle\caches\modules-2\files-2.1\org.slf4j\slf4j-api\1.7.36\6c62681a2f655b49963a5983b8b0950a6120ae14\slf4j-api-1.7.36.jar;C:\Users\quenette1\.gradle\caches\modules-2\files-2.1\org.jetbrains.compose.desktop\desktop-jvm\1.4.1\922ebea5ab9e202ee66ab4f4f567a74184eddbc1\desktop-jvm-1.4.1.jar;C:\Users\quenette1\.gradle\caches\modules-2\files-2.1\org.jetbrains.kotlin\kotlin-stdlib-common\1.8.20\5eddaaf234c8c49d03eebeb6a14feb7f90faca71\kotlin-stdlib-common-1.8.20.jar;C:\Users\quenette1\.gradle\caches\modules-2\files-2.1\org.jetbrains\annotations\13.0\919f0dfe192fb4e063e7dacadee7f8bb9a2672a9\annotations-13.0.jar;C:\Users\quenette1\.gradle\caches\modules-2\files-2.1\org.jetbrains.compose.ui\ui-desktop\1.4.1\5005c7404c035c267cac2ec8b9dd08ca65766a04\ui-desktop-1.4.1.jar;C:\Users\quenette1\.gradle\caches\modules-2\files-2.1\org.jetbrains.skiko\skiko-awt\0.7.63\4da1aa9929b9cc7d10295db9d71aec62c34c7842\skiko-awt-0.7.63.jar;C:\Users\quenette1\.gradle\caches\modules-2\files-2.1\org.jetbrains.compose.runtime\runtime-desktop\1.4.1\b268d41542ceb3c8d5d101222c14330874c5d8e6\runtime-desktop-1.4.1.jar;C:\Users\quenette1\.gradle\caches\modules-2\files-2.1\org.jetbrains.compose.foundation\foundation-layout-desktop\1.4.1\24afb95a5aa95d3fd0b7379ad7555931ce739f0c\foundation-layout-desktop-1.4.1.jar;C:\Users\quenette1\.gradle\caches\modules-2\files-2.1\org.jetbrains.compose.animation\animation-core-desktop\1.4.1\44c90efd68332262293d06a2c07585cc7b9fa8b5\animation-core-desktop-1.4.1.jar;C:\Users\quenette1\.gradle\caches\modules-2\files-2.1\org.jetbrains.compose.ui\ui-geometry-desktop\1.4.1\81ea1ab414ba9926972708e9f4ca7ac499cd9137\ui-geometry-desktop-1.4.1.jar;C:\Users\quenette1\.gradle\caches\modules-2\files-2.1\org.jetbrains.compose.material\material-desktop\1.4.1\f478f814ee2fb95aba5a206e48c33b912cc66ff1\material-desktop-1.4.1.jar;C:\Users\quenette1\.gradle\caches\modules-2\files-2.1\org.jetbrains.compose.ui\ui-tooling-preview-desktop\1.4.1\16e8e3a0dd0d52b5e4877a54bc345668ba23428d\ui-tooling-preview-desktop-1.4.1.jar;C:\Users\quenette1\.gradle\caches\modules-2\files-2.1\org.jetbrains.compose.ui\ui-text-desktop\1.4.1\d8c913f93cf15ebd065996473e228c5353b0d94d\ui-text-desktop-1.4.1.jar;C:\Users\quenette1\.gradle\caches\modules-2\files-2.1\org.jetbrains.compose.ui\ui-graphics-desktop\1.4.1\3b05e5c92bb6a4e92266359905c7e0866fdcc3ea\ui-graphics-desktop-1.4.1.jar;C:\Users\quenette1\.gradle\caches\modules-2\files-2.1\org.jetbrains.compose.runtime\runtime-saveable-desktop\1.4.1\2bb14fd8fe4ab551a04330a4431187de2ecb1c2a\runtime-saveable-desktop-1.4.1.jar;C:\Users\quenette1\.gradle\caches\modules-2\files-2.1\org.jetbrains.compose.ui\ui-unit-desktop\1.4.1\ce79e803d4f0b33631c958f64ff36a7010580d16\ui-unit-desktop-1.4.1.jar;C:\Users\quenette1\.gradle\caches\modules-2\files-2.1\org.jetbrains.kotlinx\kotlinx-coroutines-core-jvm\1.6.4\2c997cd1c0ef33f3e751d3831929aeff1390cb30\kotlinx-coroutines-core-jvm-1.6.4.jar;C:\Users\quenette1\.gradle\caches\modules-2\files-2.1\org.jetbrains.compose.material\material-ripple-desktop\1.4.1\4c42972aefc0908954af022d213e4c6d00daf288\material-ripple-desktop-1.4.1.jar;C:\Users\quenette1\.gradle\caches\modules-2\files-2.1\org.jetbrains.compose.material\material-icons-core-desktop\1.4.1\26323c8bdd56b7587adb49ccde9b54f6c6d4f66c\material-icons-core-desktop-1.4.1.jar;C:\Users\quenette1\.gradle\caches\modules-2\files-2.1\org.jetbrains.skiko\skiko-awt-runtime-windows-x64\0.7.63\a1e930529804f43fff759466a08acdafcc8909a1\skiko-awt-runtime-windows-x64-0.7.63.jar;C:\Users\quenette1\.gradle\caches\modules-2\files-2.1\org.jetbrains.compose.ui\ui-util-desktop\1.4.1\3c3db20f77732f5874778c90cb589aba74ca81f3\ui-util-desktop-1.4.1.jar;C:\Users\quenette1\.gradle\caches\modules-2\files-2.1\org.jetbrains.kotlinx\atomicfu-jvm\0.17.0\d3d2e380b6ee28231118101d09ae6dd06a1db1cb\atomicfu-jvm-0.17.0.jar
Launcher Type: SUN_STANDARD

[Global flags]
     intx CICompilerCount                          = 3                                         {product} {ergonomic}
     uint ConcGCThreads                            = 1                                         {product} {ergonomic}
     uint G1ConcRefinementThreads                  = 4                                         {product} {ergonomic}
   size_t G1HeapRegionSize                         = 1048576                                   {product} {ergonomic}
    uintx GCDrainStackTargetSize                   = 64                                        {product} {ergonomic}
   size_t InitialHeapSize                          = 65011712                                  {product} {ergonomic}
   size_t MarkStackSize                            = 4194304                                   {product} {ergonomic}
   size_t MaxHeapSize                              = 1038090240                                {product} {ergonomic}
   size_t MaxNewSize                               = 622854144                                 {product} {ergonomic}
   size_t MinHeapDeltaBytes                        = 1048576                                   {product} {ergonomic}
   size_t MinHeapSize                              = 8388608                                   {product} {ergonomic}
    uintx NonNMethodCodeHeapSize                   = 5832780                                {pd product} {ergonomic}
    uintx NonProfiledCodeHeapSize                  = 122912730                              {pd product} {ergonomic}
    uintx ProfiledCodeHeapSize                     = 122912730                              {pd product} {ergonomic}
    uintx ReservedCodeCacheSize                    = 251658240                              {pd product} {ergonomic}
     bool SegmentedCodeCache                       = true                                      {product} {ergonomic}
   size_t SoftMaxHeapSize                          = 1038090240                             {manageable} {ergonomic}
     bool UseCompressedOops                        = true                           {product lp64_product} {ergonomic}
     bool UseG1GC                                  = true                                      {product} {ergonomic}
     bool UseLargePagesIndividualAllocation        = false                                  {pd product} {ergonomic}

Logging:
Log output configuration:
 #0: stdout all=warning uptime,level,tags foldmultilines=false
 #1: stderr all=off uptime,level,tags foldmultilines=false

Environment Variables:
PATH=C:\windows\system32;C:\windows;C:\windows\System32\Wbem;C:\windows\System32\WindowsPowerShell\v1.0\;C:\windows\System32\OpenSSH\;C:\Program Files (x86)\PuTTY\;C:\Users\quenette1\AppData\Local\Microsoft\WindowsApps;C:\Users\quenette1\AppData\Local\JetBrains\IntelliJ IDEA 2023.2.3\bin;;C:\Users\quenette1\AppData\Local\Programs\Git\cmd;C:\Users\quenette1\AppData\Local\Programs\Microsoft VS Code\bin
USERNAME=quenette1
OS=Windows_NT
PROCESSOR_IDENTIFIER=Intel64 Family 6 model 142 Stepping 10, GenuineIntel
TMP=C:\Users\QUENET~1\AppData\Local\Temp
TEMP=C:\Users\QUENET~1\AppData\Local\Temp




Periodic native trim disabled

---------------  S Y S T E M  ---------------

OS:
 Windows 10 , 64 bit Build 19041 (10.0.19041.2546)
OS uptime: 30 days 5:25 hours

CPU: total 4 (initial active 4) (2 cores per cpu, 2 threads per core) family 6 model 142 stepping 10 microcode 0xb4, cx8, cmov, fxsr, ht, mmx, 3dnowpref, sse, sse2, sse3, ssse3, sse4.1, sse4.2, popcnt, lzcnt, tsc, tscinvbit, avx, avx2, aes, erms, clmul, bmi1, bmi2, adx, fma, vzeroupper, clflush, clflushopt, rdtscp, f16c
Processor Information for all 4 processors :
  Max Mhz: 2208, Current Mhz: 2208, Mhz Limit: 2208

Memory: 4k page, system-wide physical 3956M (65M free)
TotalPageFile size 16244M (AvailPageFile size 13M)
current process WorkingSet (physical memory assigned to process): 155M, peak: 155M
current process commit charge ("private bytes"): 195M, peak: 227M

vm_info: OpenJDK 64-Bit Server VM (21.0.1+12-29) for windows-amd64 JRE (21.0.1+12-29), built on 2023-10-05T13:27:09Z by "mach5one" with MS VC++ 17.1 (VS2022)

END.
